ERROR:root:Cannot download the image: https://thedanceindia.com/wp-content/uploads/2020/10/Kathakalli-Dance-Form-scaled.jpg
INFO:root:HTTP Error 403: Forbidden

ERROR:root:Cannot download the image: https://thedanceindia.com/wp-content/uploads/2020/11/Kalamandalam_Gopi_as_Nalan3.jpg
INFO:root:HTTP Error 403: Forbidden

ERROR:root:Cannot download the image: https://thetheatretimes.com/wp-content/uploads/2017/02/20tvf_nalacharitham_chandrashekara_warrier-660x440.jpeg
INFO:root:<urlopen error EOF occurred in violation of protocol (_ssl.c:1131)>

ERROR:root:Cannot download the image: https://th-thumbnailer.cdn-si-edu.com/UZpaxrRKMVqSO5BveXQouHbFrVY=/fit-in/1072x0/https://tf-cmsv2-photocontest-smithsonianmag-prod-approved.s3.amazonaws.com/4e59e7d674b24a304b907fac01776c2728f70783.jpg
INFO:root:HTTP Error 403: Forbidden

ERROR:root:Cannot download the image: https://thumbs-prod.si-cdn.com/TZg2acFxbRnN0dUnskhawsvZ0rk=/800x600/filters:no_upscale()/https://contest-public-media.si-cdn.com/2e54c4c3-6817-48f3-96e4-7498c90a9352.jpg
INFO:root:HTTP Error 403: Forbidden

ERROR:root:Cannot download the image: https://tripcompanion.com/wp-content/uploads/2017/12/Kathakali-Dance.jpg
INFO:root:HTTP Error 403: Forbidden

ERROR:root:Cannot download the image: https://twomonkeystravelgroup.com/wp-content/uploads/2016/10/nomads_traditional-artforms.jpg
INFO:root:HTTP Error 403: Forbidden

ERROR:root:Cannot download the image: https://www.clearias.com/up/classical-dances-of-india.png
INFO:root:HTTP Error 403: Forbidden

ERROR:root:Cannot download the image: https://www.go2holiday.com/wp-content/uploads/2009/05/coachin_dance.jpg
INFO:root:HTTP Error 403: Forbidden

ERROR:root:Cannot download the image: https://www.indoasia-tours.com/wp-content/uploads/2016/05/Kathakali-Dance.jpg
INFO:root:<urlopen error EOF occurred in violation of protocol (_ssl.c:1131)>

ERROR:root:Cannot download the image: https://www.swantour.com/blogs/wp-content/uploads/2019/06/Kathakali-Dance.jpg
INFO:root:HTTP Error 403: Forbidden

ERROR:root:Cannot download the image: https://www.shutterbug.com/images/styles/960-wide/public/photo_post/[uid]/DSC_0967.JPG
INFO:root:HTTP Error 403: Forbidden

ERROR:root:Cannot download the image: https://www.shutterbug.com/images/photo_post/[uid]/DSC_0967.JPG
INFO:root:HTTP Error 403: Forbidden

ERROR:root:Cannot download the image: https://www.transindiatravels.com/wp-content/uploads/kerala-kalamandalam-thrissur.jpg
INFO:root:HTTP Error 403: Forbidden

ERROR:root:Cannot download the image: https://www.thehindu.com/entertainment/art/so0a6k/article28770638.ece/ALTERNATES/LANDSCAPE_1200/02tvfachuthan1
INFO:root:HTTP Error 403: Forbidden

ERROR:root:Cannot download the image: https://www.thehindu.com/migration_catalog/article13283935.ece/ALTERNATES/LANDSCAPE_615/24tvf_kathakali2.JPG
INFO:root:HTTP Error 403: Forbidden

ERROR:root:Cannot download the image: https://www.buzzmag.co.uk/wp-content/uploads/2017/10/kathakali-e1507800745382.jpg
INFO:root:HTTP Error 403: Forbidden

ERROR:root:Cannot download the image: https://www.kerala.me/wp-content/uploads/2016/04/kathakali-2.jpg
INFO:root:HTTP Error 403: Forbidden

ERROR:root:Cannot download the image: https://www.esplanade.com/-/media/images/events/2019/r/rasas-2019-kathakali-01.jpg?mw=1200&w=1200&hash=E17F3C77F6CF2645CB6FE8A521F94746394CA9B7
INFO:root:Could not load bitmap "/tmp/tmp44k4z14u.jpg": Not a JPEG file: starts with 0x3c 0x68

ERROR:root:Cannot download the image: https://www.routledgeperformancearchive.com/propagator/data/img-dc/original/image/kathakali-hero/85043bb81ad963.jpg
INFO:root:HTTP Error 403: Forbidden

ERROR:root:Cannot download the image: https://www.realbharat.org/wp-content/uploads/2016/03/Koodiyattam_Kalamandalam_Sindhu-wk.jpg
INFO:root:HTTP Error 403: Forbidden

ERROR:root:Cannot download the image: https://www.princeton.edu/sites/default/files/styles/third_1x/public/images/2017/10/CxpCRmjcPNMRmYhWZJkN.jpg?itok=K-h5PKph
INFO:root:HTTP Error 403: Forbidden

ERROR:root:Cannot download the image: https://www.onmanorama.com/content/dam/mm/en/entertainment/art-and-culture/images/2019/1/28/Kathakali-04-c.JPG.transform/onm-articleimagemob/image.jpg
INFO:root:HTTP Error 403: Forbidden

ERROR:root:Cannot download the image: https://www.mapsofindia.com/ci-moi-images/my-india/Kerala-Kathakali-Centre-1024x684.jpg
INFO:root:HTTP Error 403: Forbidden

ERROR:root:Cannot download the image: https://www.holidify.com/images/compressed/7702.jpg
INFO:root:HTTP Error 403: Forbidden

ERROR:root:Cannot download the image: https://www.holidify.com/images/cmsuploads/compressed/DSC_0501_20171221174618.JPG
INFO:root:HTTP Error 403: Forbidden

ERROR:root:Cannot download the image: https://www.weddingbellz.co.in/wp-content/uploads/MG_7433-e1534422646764.jpg
INFO:root:HTTP Error 403: Forbidden

ERROR:root:Cannot download the image: https://www.weddingbellz.co.in/wp-content/uploads/MG_7433-1024x667.jpg
INFO:root:HTTP Error 403: Forbidden

ERROR:root:Cannot download the image: https://www.101india.com/sites/default/files/image-upload/blogs/ArtsnCulture/Khtakali/Inline%203%20Roudrabheeman%20before%20slaying%20Dussasana_.jpg
INFO:root:HTTP Error 403: Forbidden

ERROR:root:Cannot download the image: https://www.101india.com/sites/default/files/image-upload/blogs/ArtsnCulture/Khtakali/Inline%204%20Roudrabheeman%20ripping%20apart%20Dussasana%27s%20intestines.jpg
INFO:root:HTTP Error 403: Forbidden

ERROR:root:Cannot download the image: https://www.101india.com/sites/default/files/image-upload/blogs/ArtsnCulture/Khtakali/Inline%206Krishna%20trying%20to%20broker%20peace%20with%20Duryodana%20for%20the%20Pandavas.jpg
INFO:root:HTTP Error 403: Forbidden

ERROR:root:Cannot download the image: https://wtzupcity.com/upload/wtzupcity-kathakali-at-changanpuzha-park-onam-2016-event-kochi-29410.jpg
INFO:root:HTTP Error 403: Forbidden

ERROR:root:Cannot download the image: https://wtzupcity.com/upload/47682Untitled-1.jpg
INFO:root:HTTP Error 403: Forbidden

ERROR:root:Cannot download the image: https://wtzupcity.com/upload/713501468585_946101652101811_5038293863011835474_n.jpg
INFO:root:HTTP Error 403: Forbidden

ERROR:root:Cannot download the image: https://wallpapercave.com/wp/wp6905647.jpg
INFO:root:HTTP Error 403: Forbidden

ERROR:root:Cannot download the image: https://wallpapercave.com/wp/wp7797749.jpg
INFO:root:HTTP Error 403: Forbidden

ERROR:root:Cannot download the image: https://w7.pngwing.com/pngs/844/196/png-transparent-kerala-kathakali-indian-classical-dance-mohiniyattam-others-india-religion-tradition.png
INFO:root:HTTP Error 403: Forbidden

ERROR:root:Cannot download the image: https://4.bp.blogspot.com/_eFJULI5Yda0/TJmAuyPVMSI/AAAAAAAAAF8/AymMuhDrymY/s1600/Kathakali+Poster+-+V0.2.jpg
INFO:root:Remote end closed connection without response

ERROR:root:Cannot download the image: https://i.pinimg.com/736x/d7/e8/20/d7e8207b3377733c598c8d3c54dac7e7--mughal-empire-painting-pictures.jpg
INFO:root:Remote end closed connection without response

ERROR:root:Cannot download the image: https://i.pinimg.com/736x/e6/dc/37/e6dc37920295dc06a1c69b83a32778d0--dance-art-dance-music.jpg
INFO:root:Remote end closed connection without response

ERROR:root:Cannot download the image: https://i.pinimg.com/564x/12/b7/c0/12b7c0c5a060f1070f7bec49351ff8de.jpg
INFO:root:Remote end closed connection without response

ERROR:root:Cannot download the image: https://i.ytimg.com/vi/EROzOr2N2Ac/hqdefault.jpg
INFO:root:Remote end closed connection without response

ERROR:root:Cannot download the image: https://i.ytimg.com/vi/3Y8Iyyoh31w/maxresdefault.jpg
INFO:root:Remote end closed connection without response

ERROR:root:Cannot download the image: https://i.ytimg.com/vi/w_Ibx9d5D1w/maxresdefault.jpg
INFO:root:Remote end closed connection without response

ERROR:root:Cannot download the image: https://i.ytimg.com/vi/2ZcLwX7Gz0M/maxresdefault.jpg
INFO:root:Remote end closed connection without response

ERROR:root:Cannot download the image: https://i.ytimg.com/vi/NvZsoIiD5q0/maxresdefault.jpg
INFO:root:Remote end closed connection without response

ERROR:root:Cannot download the image: https://i.ya-webdesign.com/images/kathakali-statue-png-3.png
INFO:root:HTTP Error 403: Forbidden

ERROR:root:Cannot download the image: https://i.ya-webdesign.com/images/kathakali-statue-png-4.png
INFO:root:HTTP Error 403: Forbidden

ERROR:root:Cannot download the image: https://i.traveltripsworld.com/images/280725/image_16.jpg
INFO:root:Remote end closed connection without response

ERROR:root:Cannot download the image: https://i.traveltripsworld.com/images/107079/image_10.jpg
INFO:root:HTTP Error 403: Forbidden

ERROR:root:Cannot download the image: https://i.traveltripsworld.com/images/474355/image_2.jpg
INFO:root:HTTP Error 403: Forbidden

ERROR:root:Cannot download the image: https://images.pexels.com/photos/2523332/pexels-photo-2523332.jpeg?auto=compress&cs=tinysrgb&fit=crop&h=627&w=1200
INFO:root:HTTP Error 403: Forbidden

ERROR:root:Cannot download the image: https://images.pexels.com/photos/1157645/pexels-photo-1157645.jpeg?auto=compress&cs=tinysrgb&dpr=2&w=500
INFO:root:HTTP Error 403: Forbidden

ERROR:root:Cannot download the image: https://images.worldtourismgroup.com/worldtourismgroup-image/asia/169/8-places-unique-night-out-kochi-5.jpg
INFO:root:HTTP Error 403: Forbidden

ERROR:root:Cannot download the image: https://images.worldtourismgroup.com/worldtourismgroup-image/asia/364/best-things-see-6.jpg
INFO:root:HTTP Error 403: Forbidden

ERROR:root:Cannot download the image: https://img2.pngio.com/kerala-kathakali-indian-classical-dance-mohiniyattam-png-clipart-india-festival-png-728_633.jpg
INFO:root:HTTP Error 403: Forbidden

ERROR:root:Cannot download the image: https://img.onmanorama.com/content/dam/mm/en/entertainment/art-and-culture/images/2019/1/28/Kathakali-07-c.jpg
INFO:root:HTTP Error 403: Forbidden

ERROR:root:Cannot download the image: https://img.pngio.com/kathakali-dance-png-kerala-kathakali-clipart-download-650-637-kathakali-png-900_640.png
INFO:root:HTTP Error 403: Forbidden

ERROR:root:Cannot download the image: https://img.begroup.co/-LiFQyy1sQkE/AAAAAAAAAAI/AAAAAAAABGI/DSw-fVnatfw/.jpg
INFO:root:HTTP Error 403: Forbidden

ERROR:root:Cannot download the image: https://indianyug.com/wp-content/uploads/2018/03/Kathakali-Kerala.jpg
INFO:root:HTTP Error 403: Forbidden

ERROR:root:Cannot download the image: https://indiaculture.nic.in/sites/default/files/kathakali_0.jpg
INFO:root:<urlopen error [SSL: CERTIFICATE_VERIFY_FAILED] certificate verify failed: unable to get local issuer certificate (_ssl.c:1131)>

ERROR:root:Cannot download the image: https://ik.imagekit.io/theindiantrip/storage/uploads/2019/11/11/5dc930797aff3Kathakali-Dancer-Character.jpg
INFO:root:HTTP Error 404: Not Found

ERROR:root:Cannot download the image: https://newsjizz.in/thumb/msid-72259378/photo.jpg
INFO:root:HTTP Error 403: Forbidden

ERROR:root:Cannot download the image: https://kochipost.com/wp-content/uploads/2016/10/1_DussasanaVadhom01-nc-20160606112700.jpg
INFO:root:HTTP Error 403: Forbidden

ERROR:root:Cannot download the image: https://kerala.me/wp-content/uploads/2016/04/kathakali-1.jpg
INFO:root:HTTP Error 403: Forbidden

ERROR:root:Cannot download the image: https://kerala.me/wp-content/uploads/2016/04/kathakali-4.jpg
INFO:root:HTTP Error 403: Forbidden

ERROR:root:Cannot download the image: https://kerala.me/wp-content/uploads/2016/04/kathakali-2-1200x833.jpg
INFO:root:HTTP Error 403: Forbidden

ERROR:root:Cannot download the image: https://kerala.me/wp-content/uploads/2016/04/cache/kathakali-3-scaled-full-thumbx1700.jpg
INFO:root:HTTP Error 403: Forbidden

ERROR:root:Cannot download the image: https://usercontent1.hubstatic.com/14951530.jpg
INFO:root:HTTP Error 403: Forbidden

ERROR:root:Cannot download the image: https://cdn.exoticindia.com/audiovideo/izz305.jpg
INFO:root:HTTP Error 403: Forbidden

ERROR:root:Cannot download the image: https://cdn.wallpapersafari.com/22/10/Bck35w.jpg
INFO:root:HTTP Error 403: Forbidden

ERROR:root:Cannot download the image: https://cdn.pixabay.com/photo/2020/01/14/16/09/kerala-4765403_960_720.jpg
INFO:root:HTTP Error 403: Forbidden

ERROR:root:Cannot download the image: https://cdn-images-1.medium.com/max/1600/0*oOcH4J6vLTHvzCEY.png
INFO:root:HTTP Error 403: Forbidden

ERROR:root:Cannot download the image: https://cdn-images-1.medium.com/fit/t/1600/480/0*FJM_GvwQWuBC0MdI
INFO:root:HTTP Error 403: Forbidden

ERROR:root:Cannot download the image: https://clipartart.com/images/kathakali-clipart-6.jpg
INFO:root:HTTP Error 403: Forbidden

ERROR:root:Cannot download the image: https://c.stocksy.com/a/dMm100/z3/424243.jpg
INFO:root:HTTP Error 403: Forbidden

ERROR:root:Cannot download the image: https://media.newstracklive.com/uploads/ckeditor/1519936116.jpg
INFO:root:<urlopen error [SSL: WRONG_VERSION_NUMBER] wrong version number (_ssl.c:1131)>

ERROR:root:Cannot download the image: https://mediaaws.almasryalyoum.com/news/verylarge/2017/01/22/587701_0.jpg
INFO:root:HTTP Error 403: Forbidden

ERROR:root:Cannot download the image: https://miro.medium.com/max/6912/1*xKJqxpmjA5muQydfw2QpYw.jpeg
INFO:root:HTTP Error 403: Forbidden

ERROR:root:Cannot download the image: https://miro.medium.com/max/1280/0*Rw2T1Tz2Dkhv5NX8.png
INFO:root:HTTP Error 403: Forbidden

ERROR:root:Cannot download the image: https://miro.medium.com/max/539/1*2U2pDSsR5fvSLrCJEcJzpA@2x.jpeg
INFO:root:HTTP Error 403: Forbidden

ERROR:root:Cannot download the image: https://macrotraveller.com/wp-content/uploads/2020/05/3-405.jpg
INFO:root:HTTP Error 403: Forbidden

ERROR:root:Cannot download the image: https://english.manoramaonline.com/content/dam/mm/en/entertainment/art-and-culture/images/2019/1/28/Kathakali-03-c.JPG
INFO:root:HTTP Error 403: Forbidden

ERROR:root:Cannot download the image: https://english.manoramaonline.com/content/dam/mm/en/entertainment/art-and-culture/images/2019/1/28/Kathakali-04-c.JPG
INFO:root:HTTP Error 403: Forbidden

ERROR:root:Cannot download the image: https://english.ahram.org.eg/Media/News/2016/8/13/2016-636066888879526583-952.jpg
INFO:root:HTTP Error 403: Forbidden

ERROR:root:Cannot download the image: https://experiencekerala.in/kerala-tourism-blog/wp-content/uploads/2019/05/1-27.jpg
INFO:root:HTTP Error 403: Forbidden

ERROR:root:Cannot download the image: https://exampariksha.com/wp-content/uploads/2015/03/Indian-Classical-Dances-Indian-Culture-Study-Material-amp-Notes.png
INFO:root:HTTP Error 403: Forbidden

ERROR:root:Cannot download the image: https://s3.india.com/wp-content/uploads/2016/06/Untitled-design8.jpg
INFO:root:HTTP Error 403: Forbidden

ERROR:root:Cannot download the image: https://steemitimages.com/DQmYt7ttZ3SZrTE1vWyB9Nb2T5SqXnPGckH6MVxRhRwp5Nf/IMG_4623.JPG
INFO:root:HTTP Error 403: Forbidden

ERROR:root:Cannot download the image: https://southafricatoday.net/wp-content/uploads/2018/05/8648.jpg
INFO:root:HTTP Error 403: Forbidden

ERROR:root:Cannot download the image: https://dances.iloveindia.com/pics/kathakali.jpg
INFO:root:HTTP Error 403: Forbidden

ERROR:root:Cannot download the image: https://dietzelmotel.com/img/recipe-and-travel/18-best-things-to-do-in-kerala-india-5.webp
INFO:root:HTTP Error 403: Forbidden

ERROR:root:Cannot download the image: https://dontgetserious.com/wp-content/uploads/2017/07/kathakali.jpg
INFO:root:HTTP Error 403: Forbidden

ERROR:root:Cannot download the image: https://present5.com/presentation/72953346_37285342/image-12.jpg
INFO:root:HTTP Error 403: Forbidden

ERROR:root:Cannot download the image: https://pix.avax.news/avaxnews/62/fa/0000fa62.jpeg
INFO:root:HTTP Error 403: Forbidden

ERROR:root:Cannot download the image: https://rag532wr4du1nlsxu2nehjbv-wpengine.netdna-ssl.com/wp-content/uploads/2017/10/Kathakali.png
INFO:root:HTTP Error 403: Forbidden

ERROR:root:Cannot download the image: https://raagparichay.in/sites/raagparichay.in/files/video_thumbnails/_DNBgVAk9GE.jpg
INFO:root:HTTP Error 403: Forbidden

ERROR:root:Cannot download the image: https://biologydictionary.net/wp-content/uploads/2020/09/kathakaliperformerfacialexpression.jpg
INFO:root:HTTP Error 403: Forbidden

ERROR:root:Cannot download the image: https://buddymantra.com/wp-content/uploads/2016/11/kerela-1.jpg
INFO:root:HTTP Error 403: Forbidden

ERROR:root:Cannot download the image: http://www.discoveredindia.com/kerala/images/sopanam-style/2.jpg
INFO:root:HTTP Error 403: Forbidden

